<?xml version="1.0" encoding="UTF-8"?>
<!-- Generated by org.testng.reporters.JUnitReportReporter -->
<testsuite hostname="LT042017WOOT006" failures="0" tests="3" name="com.multisys.testcases.PlaceOrder" time="24.673" errors="0" timestamp="2021-04-26T15:49:16 SGT" skipped="0">
  <testcase classname="com.multisys.testcases.PlaceOrder" name="enterBillingAddress" time="14.939"/>
  <system-out/>
  <testcase classname="com.multisys.testcases.PlaceOrder" name="addProductToCart" time="6.218"/>
  <system-out/>
  <testcase classname="com.multisys.testcases.PlaceOrder" name="checkout" time="3.516"/>
  <system-out/>
</testsuite> <!-- com.multisys.testcases.PlaceOrder -->
