<?xml version="1.0" encoding="UTF-8"?>
<!-- Generated by org.testng.reporters.JUnitReportReporter -->
<testsuite hostname="LT042017WOOT006" failures="0" tests="1" name="com.multisys.testcases.AddProductToCart" time="3.528" errors="0" timestamp="2021-04-20T15:26:31 SGT" skipped="0">
  <testcase classname="com.multisys.testcases.AddProductToCart" name="addProductToCart" time="3.528"/>
  <system-out/>
</testsuite> <!-- com.multisys.testcases.AddProductToCart -->
